




   *********************************************************************
   *                                                                   *
   *                      MSC Software Corporation                     *
   *                                                                   *
   *                             A d a m s                             *
   *                                                                   *
   *          Automatic Dynamic Analysis of Mechanical Systems         *
   *                                                                   *
   *********************************************************************
   *                                                                   *
   *                         LEGAL INFORMATION                         *
   *                                                                   *
   *  Warning:  This computer  program is protected  by copyright law  *
   *  and  international  treaties.    Unauthorized  reproduction  or  *
   *  distribution  of this  computer program, or any  portion of it,  *
   *  may result in severe civil and criminal penalties.               *
   *                                                                   *
   *  Copyright (C) 2017 MSC Software Corporation  and its licensors.  *
   *                        All rights reserved.                       *
   *                                                                   *
   *  This computer program may contain certain  third-party software  *
   *  that is protected by  copyright and licensed from  MSC Software  *
   *  suppliers.  Portions of this  software are owned by Siemens Pro  *
   *  duct Lifecycle Management, Inc. (C) Copyright 2017.  All Rights  *
   *  Reserved.                                                        *
   *                                                                   *
   *  The MSC Software logo,  MSC,  MSC Adams,  MD Adams, and  Adams   *
   *  are  trademarks  or  registered  trademarks  of  MSC  Software   *
   *  Corporation  or its  subsidiaries in  the United States  and or  *
   *  other  countries.  FLEXlm and FlexNet Publisher are  trademarks  *
   *  or registered trademarks  of  Flexera Software.  Parasolid is a  *
   *  registered trademark  of  Siemens Product Lifecycle Management,  *
   *  Inc.  All other trademarks are the property of their respective  *
   *  owners.                                                          *
   *********************************************************************
   *                                                                   *
   *                      A d a m s   S o l v e r                      *
   *                    (Build: 2017.2.0-CL501464)                     *
   *                                                                   *
   *      Version:                       Adams 2017.2 Student Edition  *
   *      Customer Entitlement ID:                                     *
   *      2017-11-26 13:48:46                                          *
   *                                                                   *
   *********************************************************************
   *                         STUDENT EDITION                           *
   *                       Expires Jun 30, 2019                        *
   *                                                                   *
   *  This  Student  Edition is intended for use by eligible students  *
   *  using   the  Software   for  educational   learning   purposes.  *
   *  Commercial,  professional or other  for-profit use, or use  for  *
   *  classroom   teaching  or  research  is  strictly    prohibited.  *
   *********************************************************************
  

     Principal Moments of Inertia and Orientations w.r.t. Local Part Reference Frame

     Part    Ixx         Iyy         Izz          Psi         Theta         Phi
        3  1.8533E-02  4.1818E-03  1.7887E-02    90.34        90.04       -14.14
        4  1.7273E-02  4.3507E-03  1.7751E-02    -0.11        76.78         0.03
        5  1.8292E-02  4.0129E-03  1.7582E-02    90.00        90.00        15.10
        6  1.7273E-02  4.3507E-03  1.7751E-02   179.89        76.78      -179.97
        7  9.7686E-03  1.0320E-02  2.6324E-03  -180.00        24.24      -179.99
        8  3.4595E-03  3.7464E-03  3.4567E-03     1.13        84.07        -0.15
        9  4.8801E-05  8.1798E-05  4.8783E-05   114.92        90.00        -0.00
